P2/prunedSudoku/app/build/outputs/logs/manifest-merger-release-report.txt
-- Merging decision tree log ---
manifest
ADDED from src/main/AndroidManifest.xml:2:1-31:12
	package
		ADDED from src/main/AndroidManifest.xml:3:5-33
		INJECTED from src/main/AndroidManifest.xml
		INJECTED from src/main/AndroidManifest.xml
	android:versionName
		INJECTED from src/main/AndroidManifest.xml
		INJECTED from src/main/AndroidManifest.xml
	xmlns:android
		ADDED from src/main/AndroidManifest.xml:2:11-69
	android:versionCode
		INJECTED from src/main/AndroidManifest.xml
		INJECTED from src/main/AndroidManifest.xml
application
ADDED from src/main/AndroidManifest.xml:5:5-27:19
MERGED from [com.android.support:appcompat-v7:22.1.1] AndroidManifest.xml:22:5-20
MERGED from [com.android.support:support-v4:22.1.1] AndroidManifest.xml:22:5-20
	android:label
		ADDED from src/main/AndroidManifest.xml:8:9-41
	android:allowBackup
		ADDED from src/main/AndroidManifest.xml:6:9-35
	android:icon
		ADDED from src/main/AndroidManifest.xml:7:9-43
	android:theme
		ADDED from src/main/AndroidManifest.xml:9:9-37
activity#edu.wright.ceg3900.gui.SudokuEditActivity
ADDED from src/main/AndroidManifest.xml:10:9-16:20
	android:label
		ADDED from src/main/AndroidManifest.xml:10:58-93
	android:name
		ADDED from src/main/AndroidManifest.xml:10:19-57
intent-filter#android.intent.action.EDIT+android.intent.action.INSERT+android.intent.category.DEFAULT
ADDED from src/main/AndroidManifest.xml:11:13-15:29
action#android.intent.action.INSERT
ADDED from src/main/AndroidManifest.xml:12:17-70
	android:name
		ADDED from src/main/AndroidManifest.xml:12:25-68
action#android.intent.action.EDIT
ADDED from src/main/AndroidManifest.xml:13:17-68
	android:name
		ADDED from src/main/AndroidManifest.xml:13:25-66
category#android.intent.category.DEFAULT
ADDED from src/main/AndroidManifest.xml:14:17-75
	android:name
		ADDED from src/main/AndroidManifest.xml:14:27-73
activity#edu.wright.ceg3900.gui.SudokuPlayActivity
ADDED from src/main/AndroidManifest.xml:17:9-23:20
	android:label
		ADDED from src/main/AndroidManifest.xml:18:13-45
	android:name
		ADDED from src/main/AndroidManifest.xml:17:19-57
intent-filter#android.intent.action.MAIN+android.intent.category.LAUNCHER
ADDED from src/main/AndroidManifest.xml:19:13-22:29
action#android.intent.action.MAIN
ADDED from src/main/AndroidManifest.xml:20:17-68
	android:name
		ADDED from src/main/AndroidManifest.xml:20:25-66
category#android.intent.category.LAUNCHER
ADDED from src/main/AndroidManifest.xml:21:17-76
	android:name
		ADDED from src/main/AndroidManifest.xml:21:27-74
activity#edu.wright.ceg3900.gui.GameSettingsActivity
ADDED from src/main/AndroidManifest.xml:24:9-26:20
	android:label
		ADDED from src/main/AndroidManifest.xml:25:13-50
	android:name
		ADDED from src/main/AndroidManifest.xml:24:19-59
uses-permission#android.permission.INTERNET
ADDED from src/main/AndroidManifest.xml:29:5-66
	android:name
		ADDED from src/main/AndroidManifest.xml:29:22-64
uses-permission#android.permission.WRITE_EXTERNAL_STORAGE
ADDED from src/main/AndroidManifest.xml:30:5-80
	android:name
		ADDED from src/main/AndroidManifest.xml:30:22-78
uses-sdk
INJECTED from src/main/AndroidManifest.xml reason: use-sdk injection requested
MERGED from [com.android.support:appcompat-v7:22.1.1] AndroidManifest.xml:20:5-43
MERGED from [com.android.support:support-v4:22.1.1] AndroidManifest.xml:20:5-43
	android:targetSdkVersion
		INJECTED from src/main/AndroidManifest.xml
		INJECTED from src/main/AndroidManifest.xml
	android:minSdkVersion
		INJECTED from src/main/AndroidManifest.xml
		INJECTED from src/main/AndroidManifest.xml